<?xml version="1.0" encoding="UTF-8"?>
<testsuite xmlns:xsi="http://www.w3.org/2001/XMLSchema-instance" xsi:noNamespaceSchemaLocation="https://maven.apache.org/surefire/maven-surefire-plugin/xsd/surefire-test-report.xsd" name="JunitTests" time="0.076" tests="5" errors="0" skipped="0" failures="0">
  <properties>
[...]
</properties>
  <testcase name="testMultiplication" classname="JunitTests" time="0.004"/>
  <testcase name="testAddition" classname="JunitTests" time="0"/>
  <testcase name="testDivision" classname="JunitTests" time="0"/>
  <testcase name="testMethod" classname="JunitTests" time="0.002"/>
  <testcase name="testSubtraction" classname="JunitTests" time="0"/>
</testsuite>